betshops/app/build/intermediates/manifest_merge_blame_file/developmentDebug/manifest-merger-blame-development-debug-report.txt
1<?xml version="1.0" encoding="utf-8"?>
2<manifest xmlns:android="http://schemas.android.com/apk/res/android"
3    package="com.nikec.betshops"
4    android:versionCode="1000"
5    android:versionName="1.0.0-development" >
6
7    <uses-sdk
8        android:minSdkVersion="23"
8-->src/main/AndroidManifest.xml
9        android:targetSdkVersion="31" />
9-->src/main/AndroidManifest.xml
10
11    <uses-permission android:name="android.permission.INTERNET" />
11-->src/main/AndroidManifest.xml:5:5-67
11-->src/main/AndroidManifest.xml:5:22-64
12    <uses-permission android:name="android.permission.ACCESS_COARSE_LOCATION" />
12-->src/main/AndroidManifest.xml:6:5-81
12-->src/main/AndroidManifest.xml:6:22-78
13    <uses-permission android:name="android.permission.ACCESS_FINE_LOCATION" />
13-->src/main/AndroidManifest.xml:7:5-79
13-->src/main/AndroidManifest.xml:7:22-76
14
15    <!-- Include required permissions for Google Maps API to run. -->
16    <uses-permission android:name="android.permission.ACCESS_NETWORK_STATE" />
16-->[com.google.android.gms:play-services-maps:17.0.1] AndroidManifest.xml:23:5-79
16-->[com.google.android.gms:play-services-maps:17.0.1] AndroidManifest.xml:23:22-76
17
18    <uses-feature
18-->[com.google.android.gms:play-services-maps:17.0.1] AndroidManifest.xml:26:5-28:35
19        android:glEsVersion="0x00020000"
19-->[com.google.android.gms:play-services-maps:17.0.1] AndroidManifest.xml:27:9-41
20        android:required="true" />
20-->[com.google.android.gms:play-services-maps:17.0.1] AndroidManifest.xml:28:9-32
21
22    <queries>
22-->[com.google.android.gms:play-services-maps:17.0.1] AndroidManifest.xml:30:5-34:15
23
24        <!-- Needs to be explicitly declared on Android R+ -->
25        <package android:name="com.google.android.apps.maps" />
25-->[com.google.android.gms:play-services-maps:17.0.1] AndroidManifest.xml:33:9-64
25-->[com.google.android.gms:play-services-maps:17.0.1] AndroidManifest.xml:33:18-61
26    </queries>
27
28    <application
28-->src/main/AndroidManifest.xml:9:5-32:19
29        android:name="com.nikec.betshops.App"
29-->src/main/AndroidManifest.xml:10:9-28
30        android:allowBackup="false"
30-->src/main/AndroidManifest.xml:11:9-36
31        android:appComponentFactory="androidx.core.app.CoreComponentFactory"
31-->[androidx.core:core:1.6.0] AndroidManifest.xml:24:18-86
32        android:debuggable="true"
33        android:extractNativeLibs="false"
34        android:icon="@mipmap/ic_launcher"
34-->src/main/AndroidManifest.xml:12:9-43
35        android:label="@string/app_name"
35-->src/main/AndroidManifest.xml:13:9-41
36        android:roundIcon="@mipmap/ic_launcher_round"
36-->src/main/AndroidManifest.xml:14:9-54
37        android:supportsRtl="true"
37-->src/main/AndroidManifest.xml:15:9-35
38        android:testOnly="true"
39        android:theme="@style/Theme.Betshops" >
39-->src/main/AndroidManifest.xml:16:9-46
40        <meta-data
40-->src/main/AndroidManifest.xml:18:9-20:71
41            android:name="com.google.android.geo.API_KEY"
41-->src/main/AndroidManifest.xml:19:13-58
42            android:value="AIzaSyAyR54P2DOM4ILEN1myqF6HROvo9nveVo8" />
42-->src/main/AndroidManifest.xml:20:13-68
43
44        <activity
44-->src/main/AndroidManifest.xml:22:9-31:20
45            android:name="com.nikec.betshops.ui.BetshopsActivity"
45-->src/main/AndroidManifest.xml:23:13-48
46            android:exported="true"
46-->src/main/AndroidManifest.xml:24:13-36
47            android:label="@string/app_name" >
47-->src/main/AndroidManifest.xml:25:13-45
48            <intent-filter>
48-->src/main/AndroidManifest.xml:26:13-30:29
49                <action android:name="android.intent.action.MAIN" />
49-->src/main/AndroidManifest.xml:27:17-69
49-->src/main/AndroidManifest.xml:27:25-66
50
51                <category android:name="android.intent.category.LAUNCHER" />
51-->src/main/AndroidManifest.xml:29:17-77
51-->src/main/AndroidManifest.xml:29:27-74
52            </intent-filter>
53        </activity>
54        <!-- Needs to be explicitly declared on P+ -->
55        <uses-library
55-->[com.google.android.gms:play-services-maps:17.0.1] AndroidManifest.xml:39:9-41:40
56            android:name="org.apache.http.legacy"
56-->[com.google.android.gms:play-services-maps:17.0.1] AndroidManifest.xml:40:13-50
57            android:required="false" />
57-->[com.google.android.gms:play-services-maps:17.0.1] AndroidManifest.xml:41:13-37
58
59        <meta-data
59-->[com.google.maps.android:android-maps-utils:2.3.0] AndroidManifest.xml:10:9-12:69
60            android:name="com.google.android.gms.version"
60-->[com.google.maps.android:android-maps-utils:2.3.0] AndroidManifest.xml:11:13-58
61            android:value="@integer/google_play_services_version" />
61-->[com.google.maps.android:android-maps-utils:2.3.0] AndroidManifest.xml:12:13-66
62
63        <activity
63-->[com.google.android.gms:play-services-base:17.5.0] AndroidManifest.xml:23:9-26:75
64            android:name="com.google.android.gms.common.api.GoogleApiActivity"
64-->[com.google.android.gms:play-services-base:17.5.0] AndroidManifest.xml:24:13-79
65            android:exported="false"
65-->[com.google.android.gms:play-services-base:17.5.0] AndroidManifest.xml:25:13-37
66            android:theme="@android:style/Theme.Translucent.NoTitleBar" />
66-->[com.google.android.gms:play-services-base:17.5.0] AndroidManifest.xml:26:13-72
67    </application>
68
69</manifest>